<?xml version="1.0" encoding="utf-8" standalone="no"?>
<test-results xmlns:xsi="http://www.w3.org/2001/XMLSchema-instance" xsi:noNamespaceSchemaLocation="nunit_schema_2.5.xsd" name="Pester" total="1" errors="0" failures="1" not-run="0" inconclusive="0" ignored="0" skipped="0" invalid="0" date="2025-10-14" time="01:14:43">
  <environment platform="Microsoft Windows 11 Enterprise|C:\WINDOWS|\Device\Harddisk0\Partition3" cwd="C:\codex\home\runner\work\compare-vi-cli-action" machine-name="USAUSLT-Z7DLW6G" nunit-version="2.5.8.0" clr-version="9.0.8" os-version="10.0.22631" user="svelderr" user-domain="NI" />
  <culture-info current-culture="en-US" current-uiculture="en-US" />
  <test-suite type="TestFixture" name="Pester" executed="True" result="Failure" success="False" time="50.0216" asserts="0" description="Pester">
    <results>
      <test-suite type="TestFixture" name="C:\codex\home\runner\work\compare-vi-cli-action\tests\ChildProcs.Schema.Tests.ps1" executed="True" result="Failure" success="False" time="50.0216" asserts="0" description="C:\codex\home\runner\work\compare-vi-cli-action\tests\ChildProcs.Schema.Tests.ps1">
        <results>
          <test-suite type="TestFixture" name="Child process snapshot schema sanity" executed="True" result="Failure" success="False" time="49.4243" asserts="0" description="Child process snapshot schema sanity">
            <results>
              <test-case description="emits a well-formed child-procs snapshot JSON" name="Child process snapshot schema sanity.emits a well-formed child-procs snapshot JSON" time="49.3406" asserts="0" success="False" result="Failure" executed="True">
                <failure>
                  <message>JsonReaderException: The reader's MaxDepth of 6 has been exceeded. Path 'groups.pwsh.items[0].cmd[0]', line 26, position 13.
ArgumentException: Conversion from JSON failed with error: The reader's MaxDepth of 6 has been exceeded. Path 'groups.pwsh.items[0].cmd[0]', line 26, position 13.</message>
                  <stack-trace>at &lt;ScriptBlock&gt;, C:\codex\home\runner\work\compare-vi-cli-action\tests\ChildProcs.Schema.Tests.ps1:14</stack-trace>
                </failure>
              </test-case>
            </results>
          </test-suite>
        </results>
      </test-suite>
    </results>
  </test-suite>
</test-results>