<?xml version="1.0" encoding="utf-8" standalone="no"?>
<test-results xmlns:xsi="http://www.w3.org/2001/XMLSchema-instance" xsi:noNamespaceSchemaLocation="nunit_schema_2.5.xsd" name="Pester" total="3" errors="0" failures="0" not-run="0" inconclusive="0" ignored="0" skipped="0" invalid="0" date="2025-11-06" time="08:53:06">
  <environment user="svelderr" user-domain="NI" cwd="C:\codex\home\runner\work\compare-vi-cli-action" clr-version="9.0.8" machine-name="USAUSLT-Z7DLW6G" os-version="10.0.22631" nunit-version="2.5.8.0" platform="Microsoft Windows 11 Enterprise|C:\WINDOWS|\Device\Harddisk0\Partition3" />
  <culture-info current-culture="en-US" current-uiculture="en-US" />
  <test-suite type="TestFixture" name="Pester" executed="True" result="Success" success="True" time="668.9342" asserts="0" description="Pester">
    <results>
      <test-suite type="TestFixture" name="C:\codex\home\runner\work\compare-vi-cli-action\tests\IconEditorMissingInProject.DevMode.Tests.ps1" executed="True" result="Success" success="True" time="668.9342" asserts="0" description="C:\codex\home\runner\work\compare-vi-cli-action\tests\IconEditorMissingInProject.DevMode.Tests.ps1">
        <results>
          <test-suite type="TestFixture" name="MissingInProject honours dev-mode token" executed="True" result="Success" success="True" time="668.084" asserts="0" description="MissingInProject honours dev-mode token">
            <results>
              <test-suite type="TestFixture" name="MissingInProject honours dev-mode token.LabVIEW dev-mode token behaviour" executed="True" result="Success" success="True" time="668.005" asserts="0" description="MissingInProject honours dev-mode token.LabVIEW dev-mode token behaviour">
                <results>
                  <test-case description="passes MissingInProject when dev mode is enabled (LabVIEW  -bit)" name="MissingInProject honours dev-mode token.LabVIEW dev-mode token behaviour.passes MissingInProject when dev mode is enabled (LabVIEW  -bit)" time="124.3567" asserts="0" success="True" result="Success" executed="True" />
                  <test-case description="fails MissingInProject after dev mode is disabled (LabVIEW  -bit)" name="MissingInProject honours dev-mode token.LabVIEW dev-mode token behaviour.fails MissingInProject after dev mode is disabled (LabVIEW  -bit)" time="185.7258" asserts="0" success="True" result="Success" executed="True" />
                  <test-case description="builds the icon editor packed library after validations (LabVIEW  -bit)" name="MissingInProject honours dev-mode token.LabVIEW dev-mode token behaviour.builds the icon editor packed library after validations (LabVIEW  -bit)" time="357.8451" asserts="0" success="True" result="Success" executed="True" />
                </results>
              </test-suite>
            </results>
          </test-suite>
        </results>
      </test-suite>
    </results>
  </test-suite>
</test-results>