<?xml version="1.0" encoding="utf-8" standalone="no"?>
<test-results xmlns:xsi="http://www.w3.org/2001/XMLSchema-instance" xsi:noNamespaceSchemaLocation="nunit_schema_2.5.xsd" name="Pester" total="7" errors="0" failures="0" not-run="9" inconclusive="0" ignored="0" skipped="0" invalid="0" date="2025-09-30" time="19:11:48">
  <environment user="runner" platform="Linux" nunit-version="2.5.8.0" user-domain="" os-version="6.11.0-1018-azure" clr-version="8.0.19" cwd="/home/runner/work/compare-vi-cli-action/compare-vi-cli-action/tests/results" machine-name="runnervm3ublj" />
  <culture-info current-culture="" current-uiculture="" />
  <test-suite type="TestFixture" name="Pester" executed="True" result="Success" success="True" time="0.9161" asserts="0" description="Pester">
    <results>
      <test-suite type="TestFixture" name="/home/runner/work/compare-vi-cli-action/compare-vi-cli-action/tests/CompareVI.InputOutput.Tests.ps1" executed="True" result="Success" success="True" time="0.9087" asserts="0" description="/home/runner/work/compare-vi-cli-action/compare-vi-cli-action/tests/CompareVI.InputOutput.Tests.ps1">
        <results>
          <test-suite type="TestFixture" name="Invoke-CompareVI input and output validation (no CLI)" executed="True" result="Success" success="True" time="0.5755" asserts="0" description="Invoke-CompareVI input and output validation (no CLI)">
            <results>
              <test-case description="validates required inputs and file existence" name="Invoke-CompareVI input and output validation (no CLI).validates required inputs and file existence" time="0.2654" asserts="0" success="True" result="Success" executed="True" />
              <test-case description="resolves relative paths from working-directory" name="Invoke-CompareVI input and output validation (no CLI).resolves relative paths from working-directory" time="0.1045" asserts="0" success="True" result="Success" executed="True" />
              <test-case description="parses quoted lvCompareArgs and includes them in the reconstructed command" name="Invoke-CompareVI input and output validation (no CLI).parses quoted lvCompareArgs and includes them in the reconstructed command" time="0.0411" asserts="0" success="True" result="Success" executed="True" />
              <test-case description="writes outputs and summary for exit code 0 (diff=false)" name="Invoke-CompareVI input and output validation (no CLI).writes outputs and summary for exit code 0 (diff=false)" time="0.0332" asserts="0" success="True" result="Success" executed="True" />
              <test-case description="writes outputs then throws for unknown exit code (diff=false)" name="Invoke-CompareVI input and output validation (no CLI).writes outputs then throws for unknown exit code (diff=false)" time="0.0235" asserts="0" success="True" result="Success" executed="True" />
              <test-case description="throws when fail-on-diff is true with exit code 1, but writes outputs" name="Invoke-CompareVI input and output validation (no CLI).throws when fail-on-diff is true with exit code 1, but writes outputs" time="0.0245" asserts="0" success="True" result="Success" executed="True" />
              <test-case description="uses mocked Resolve-Cli value in result" name="Invoke-CompareVI input and output validation (no CLI).uses mocked Resolve-Cli value in result" time="0.0441" asserts="0" success="True" result="Success" executed="True" />
            </results>
          </test-suite>
        </results>
      </test-suite>
    </results>
  </test-suite>
</test-results>